<?xml version="1.0" encoding="UTF-8"?>
<!-- Generated by org.testng.reporters.JUnitReportReporter -->
<testsuite hostname="pc6" name="TestNgDemo.NewTest" tests="1" failures="0" timestamp="22 Jan 2019 10:56:55 GMT" time="2.875" errors="0">
  <testcase name="f" time="2.875" classname="TestNgDemo.NewTest"/>
</testsuite> <!-- TestNgDemo.NewTest -->
