<?xml version="1.0" encoding="UTF-8"?>
<!-- Generated by org.testng.reporters.JUnitReportReporter -->
<testsuite hostname="pc6" name="Sel2_TestNG.ItemIssueToBranch" tests="1" failures="0" timestamp="16 Feb 2019 10:35:33 GMT" time="19.138" errors="0">
  <testcase name="DateSelection" time="19.138" classname="Sel2_TestNG.ItemIssueToBranch"/>
</testsuite> <!-- Sel2_TestNG.ItemIssueToBranch -->
