<?xml version="1.0" encoding="UTF-8"?>
<!-- Generated by org.testng.reporters.JUnitReportReporter -->
<testsuite hostname="pc6" name="TestNgByMaven.TestData" tests="1" failures="0" timestamp="17 Jan 2019 12:00:27 GMT" time="0.009" errors="0">
  <testcase name="Tesing" time="0.009" classname="TestNgByMaven.TestData"/>
</testsuite> <!-- TestNgByMaven.TestData -->
